# JRE version: OpenJDK Runtime Environment (8.0_202-b03) (build 1.8.0_202-release-1483-b03)
# Java VM: OpenJDK 64-Bit Server VM (25.202-b03 mixed mode windows-amd64 compressed oops)
Heap:
 PSYoungGen      total 129536K, used 79035K [0x00000000e0000000, 0x00000000ebe80000, 0x0000000100000000)
  eden space 118784K, 66% used [0x00000000e0000000,0x00000000e4d2efb0,0x00000000e7400000)
  from space 10752K, 0% used [0x00000000e7400000,0x00000000e7400000,0x00000000e7e80000)
  to   space 11776K, 0% used [0x00000000eb300000,0x00000000eb300000,0x00000000ebe80000)
 ParOldGen       total 71680K, used 17324K [0x00000000a0000000, 0x00000000a4600000, 0x00000000e0000000)
  object space 71680K, 24% used [0x00000000a0000000,0x00000000a10eb108,0x00000000a4600000)
 Metaspace       used 43256K, capacity 44114K, committed 44504K, reserved 1087488K
  class space    used 5861K, capacity 6083K, committed 6144K, reserved 1048576K
GC Heap History (10 events):
Event: 4.840 GC heap before
{Heap before GC invocations=7 (full 1):
 PSYoungGen      total 75264K, used 6557K [0x00000000e0000000, 0x00000000e5400000, 0x0000000100000000)
  eden space 66560K, 0% used [0x00000000e0000000,0x00000000e0000000,0x00000000e4100000)
  from space 8704K, 75% used [0x00000000e4b80000,0x00000000e51e75a8,0x00000000e5400000)
  to   space 9728K, 0% used [0x00000000e4100000,0x00000000e4100000,0x00000000e4a80000)
 ParOldGen       total 87552K, used 8565K [0x00000000a0000000, 0x00000000a5580000, 0x00000000e0000000)
  object space 87552K, 9% used [0x00000000a0000000,0x00000000a085d690,0x00000000a5580000)
 Metaspace       used 20718K, capacity 21128K, committed 21248K, reserved 1067008K
  class space    used 2919K, capacity 3066K, committed 3072K, reserved 1048576K
Event: 4.886 GC heap after
Heap after GC invocations=7 (full 1):
 PSYoungGen      total 75264K, used 0K [0x00000000e0000000, 0x00000000e5400000, 0x0000000100000000)
  eden space 66560K, 0% used [0x00000000e0000000,0x00000000e0000000,0x00000000e4100000)
  from space 8704K, 0% used [0x00000000e4b80000,0x00000000e4b80000,0x00000000e5400000)
  to   space 9728K, 0% used [0x00000000e4100000,0x00000000e4100000,0x00000000e4a80000)
 ParOldGen       total 51200K, used 7577K [0x00000000a0000000, 0x00000000a3200000, 0x00000000e0000000)
  object space 51200K, 14% used [0x00000000a0000000,0x00000000a07667d0,0x00000000a3200000)
 Metaspace       used 20718K, capacity 21128K, committed 21248K, reserved 1067008K
  class space    used 2919K, capacity 3066K, committed 3072K, reserved 1048576K
}
Event: 6.064 GC heap before
{Heap before GC invocations=8 (full 1):
 PSYoungGen      total 75264K, used 66560K [0x00000000e0000000, 0x00000000e5400000, 0x0000000100000000)
  eden space 66560K, 100% used [0x00000000e0000000,0x00000000e4100000,0x00000000e4100000)
  from space 8704K, 0% used [0x00000000e4b80000,0x00000000e4b80000,0x00000000e5400000)
  to   space 9728K, 0% used [0x00000000e4100000,0x00000000e4100000,0x00000000e4a80000)
 ParOldGen       total 51200K, used 7577K [0x00000000a0000000, 0x00000000a3200000, 0x00000000e0000000)
  object space 51200K, 14% used [0x00000000a0000000,0x00000000a07667d0,0x00000000a3200000)
 Metaspace       used 28615K, capacity 29128K, committed 29440K, reserved 1075200K
  class space    used 3859K, capacity 4015K, committed 4096K, reserved 1048576K
Event: 6.074 GC heap after
Heap after GC invocations=8 (full 1):
 PSYoungGen      total 76288K, used 7719K [0x00000000e0000000, 0x00000000e8980000, 0x0000000100000000)
  eden space 66560K, 0% used [0x00000000e0000000,0x00000000e0000000,0x00000000e4100000)
  from space 9728K, 79% used [0x00000000e4100000,0x00000000e4889f00,0x00000000e4a80000)
  to   space 10240K, 0% used [0x00000000e7f80000,0x00000000e7f80000,0x00000000e8980000)
 ParOldGen       total 51200K, used 7585K [0x00000000a0000000, 0x00000000a3200000, 0x00000000e0000000)
  object space 51200K, 14% used [0x00000000a0000000,0x00000000a07687d0,0x00000000a3200000)
 Metaspace       used 28615K, capacity 29128K, committed 29440K, reserved 1075200K
  class space    used 3859K, capacity 4015K, committed 4096K, reserved 1048576K
}
Event: 6.563 GC heap before
{Heap before GC invocations=9 (full 1):
 PSYoungGen      total 76288K, used 74279K [0x00000000e0000000, 0x00000000e8980000, 0x0000000100000000)
  eden space 66560K, 100% used [0x00000000e0000000,0x00000000e4100000,0x00000000e4100000)
  from space 9728K, 79% used [0x00000000e4100000,0x00000000e4889f00,0x00000000e4a80000)
  to   space 10240K, 0% used [0x00000000e7f80000,0x00000000e7f80000,0x00000000e8980000)
 ParOldGen       total 51200K, used 7585K [0x00000000a0000000, 0x00000000a3200000, 0x00000000e0000000)
  object space 51200K, 14% used [0x00000000a0000000,0x00000000a07687d0,0x00000000a3200000)
 Metaspace       used 32056K, capacity 32512K, committed 32768K, reserved 1077248K
  class space    used 4414K, capacity 4567K, committed 4608K, reserved 1048576K
Event: 6.571 GC heap after
Heap after GC invocations=9 (full 1):
 PSYoungGen      total 128512K, used 8694K [0x00000000e0000000, 0x00000000e8900000, 0x0000000100000000)
  eden space 118784K, 0% used [0x00000000e0000000,0x00000000e0000000,0x00000000e7400000)
  from space 9728K, 89% used [0x00000000e7f80000,0x00000000e87fda08,0x00000000e8900000)
  to   space 10752K, 0% used [0x00000000e7400000,0x00000000e7400000,0x00000000e7e80000)
 ParOldGen       total 51200K, used 7593K [0x00000000a0000000, 0x00000000a3200000, 0x00000000e0000000)
  object space 51200K, 14% used [0x00000000a0000000,0x00000000a076a7d0,0x00000000a3200000)
 Metaspace       used 32056K, capacity 32512K, committed 32768K, reserved 1077248K
  class space    used 4414K, capacity 4567K, committed 4608K, reserved 1048576K
}
Event: 9.226 GC heap before
{Heap before GC invocations=10 (full 1):
 PSYoungGen      total 128512K, used 58108K [0x00000000e0000000, 0x00000000e8900000, 0x0000000100000000)
  eden space 118784K, 41% used [0x00000000e0000000,0x00000000e3041830,0x00000000e7400000)
  from space 9728K, 89% used [0x00000000e7f80000,0x00000000e87fda08,0x00000000e8900000)
  to   space 10752K, 0% used [0x00000000e7400000,0x00000000e7400000,0x00000000e7e80000)
 ParOldGen       total 51200K, used 7593K [0x00000000a0000000, 0x00000000a3200000, 0x00000000e0000000)
  object space 51200K, 14% used [0x00000000a0000000,0x00000000a076a7d0,0x00000000a3200000)
 Metaspace       used 34477K, capacity 35204K, committed 35416K, reserved 1079296K
  class space    used 4744K, capacity 4939K, committed 4992K, reserved 1048576K
Event: 9.235 GC heap after
Heap after GC invocations=10 (full 1):
 PSYoungGen      total 129536K, used 10725K [0x00000000e0000000, 0x00000000ebe80000, 0x0000000100000000)
  eden space 118784K, 0% used [0x00000000e0000000,0x00000000e0000000,0x00000000e7400000)
  from space 10752K, 99% used [0x00000000e7400000,0x00000000e7e796c8,0x00000000e7e80000)
  to   space 11776K, 0% used [0x00000000eb300000,0x00000000eb300000,0x00000000ebe80000)
 ParOldGen       total 51200K, used 7601K [0x00000000a0000000, 0x00000000a3200000, 0x00000000e0000000)
  object space 51200K, 14% used [0x00000000a0000000,0x00000000a076c7d0,0x00000000a3200000)
 Metaspace       used 34477K, capacity 35204K, committed 35416K, reserved 1079296K
  class space    used 4744K, capacity 4939K, committed 4992K, reserved 1048576K
}
Event: 9.235 GC heap before
{Heap before GC invocations=11 (full 2):
 PSYoungGen      total 129536K, used 10725K [0x00000000e0000000, 0x00000000ebe80000, 0x0000000100000000)
  eden space 118784K, 0% used [0x00000000e0000000,0x00000000e0000000,0x00000000e7400000)
  from space 10752K, 99% used [0x00000000e7400000,0x00000000e7e796c8,0x00000000e7e80000)
  to   space 11776K, 0% used [0x00000000eb300000,0x00000000eb300000,0x00000000ebe80000)
 ParOldGen       total 51200K, used 7601K [0x00000000a0000000, 0x00000000a3200000, 0x00000000e0000000)
  object space 51200K, 14% used [0x00000000a0000000,0x00000000a076c7d0,0x00000000a3200000)
 Metaspace       used 34477K, capacity 35204K, committed 35416K, reserved 1079296K
  class space    used 4744K, capacity 4939K, committed 4992K, reserved 1048576K
Event: 9.286 GC heap after
Heap after GC invocations=11 (full 2):
 PSYoungGen      total 129536K, used 0K [0x00000000e0000000, 0x00000000ebe80000, 0x0000000100000000)
  eden space 118784K, 0% used [0x00000000e0000000,0x00000000e0000000,0x00000000e7400000)
  from space 10752K, 0% used [0x00000000e7400000,0x00000000e7400000,0x00000000e7e80000)
  to   space 11776K, 0% used [0x00000000eb300000,0x00000000eb300000,0x00000000ebe80000)
 ParOldGen       total 71680K, used 17324K [0x00000000a0000000, 0x00000000a4600000, 0x00000000e0000000)
  object space 71680K, 24% used [0x00000000a0000000,0x00000000a10eb108,0x00000000a4600000)
 Metaspace       used 34473K, capacity 35192K, committed 35416K, reserved 1079296K
  class space    used 4743K, capacity 4937K, committed 4992K, reserved 1048576K
}

